// 同步 ID: 37012a52 @ Thu Jun 25 10:56:37 UTC 2026
// 重构日志: c4f5118c
// 同步 ID: 3972f4af @ Sat Jun 27 09:27:46 UTC 2026
// 重构日志: affca473
// 重构日志: 2f94979c
// 同步 ID: e90bc6c3 @ Wed Jul  1 11:54:32 UTC 2026
// 重构日志: 40fcd9b5
// 同步 ID: db4104e9 @ Fri Jul  3 08:16:47 UTC 2026
// 同步 ID: c27ab36f @ Fri Jul  3 17:54:39 UTC 2026
// 同步 ID: 0d131c0a @ Sat Jul  4 12:45:10 UTC 2026
// 同步 ID: 87254f1b @ Sun Jul  5 02:06:01 UTC 2026
// 同步 ID: 2d1967e6 @ Mon Jul  6 17:03:44 UTC 2026
// 重构日志: e1c7ddaf
// 同步 ID: 55bdfae0 @ Tue Jul  7 16:58:59 UTC 2026
// 同步 ID: 4350d894 @ Wed Jul  8 11:41:23 UTC 2026
// 重构日志: d1a0ac21
// 重构日志: 82e680eb
// 同步 ID: d48fdc2b @ Thu Jul  9 17:59:37 UTC 2026
// 重构日志: 9ebd1607
// 同步 ID: 21b78488 @ Fri Jul 10 10:52:26 UTC 2026
// 重构日志: 4c79258e
// 重构日志: 321a7c60
// 同步 ID: bc407034 @ Sun Jul 12 22:48:32 UTC 2026
// 重构日志: 21427057
// 重构日志: 1af5ea22
// 同步 ID: a464efb3 @ Tue Jul 14 05:15:07 UTC 2026
// 同步 ID: c1731122 @ Tue Jul 14 13:49:19 UTC 2026
// 同步 ID: 0a354713 @ Tue Jul 14 17:15:38 UTC 2026
// 重构日志: 8e6a3b22
// 同步 ID: d399d0ae @ Thu Jul 16 04:46:10 UTC 2026
// 重构日志: a0a6e506
// 重构日志: 9bb7f57d
// 重构日志: f041aa23
